<?xml version="1.0" encoding="UTF-8"?>
<coverage generated="1682422822366" clover="3.2.0">
  <project timestamp="1682422822366" name="All files">
    <metrics statements="135" coveredstatements="133" conditionals="26" coveredconditionals="26" methods="16" coveredmethods="16" elements="177" coveredelements="175" complexity="0" loc="135" ncloc="135" packages="5" files="7" classes="7"/>
    <package name="src">
      <metrics statements="22" coveredstatements="22" conditionals="2" coveredconditionals="2" methods="3" coveredmethods="3"/>
      <file name="app.js" path="/app/src/app.js">
        <metrics statements="22" coveredstatements="22" conditionals="2" coveredconditionals="2" methods="3" coveredmethods="3"/>
        <line num="2" count="4" type="stmt"/>
        <line num="3" count="4" type="stmt"/>
        <line num="6" count="4" type="stmt"/>
        <line num="9" count="4" type="stmt"/>
        <line num="10" count="4" type="stmt"/>
        <line num="13" count="4" type="stmt"/>
        <line num="14" count="4" type="stmt"/>
        <line num="15" count="4" type="stmt"/>
        <line num="18" count="4" type="stmt"/>
        <line num="19" count="27" type="stmt"/>
        <line num="20" count="27" type="stmt"/>
        <line num="26" count="27" type="cond" truecount="2" falsecount="0"/>
        <line num="27" count="1" type="stmt"/>
        <line num="28" count="1" type="stmt"/>
        <line num="31" count="26" type="stmt"/>
        <line num="41" count="4" type="stmt"/>
        <line num="42" count="1" type="stmt"/>
        <line num="51" count="4" type="stmt"/>
        <line num="53" count="4" type="stmt"/>
        <line num="62" count="4" type="stmt"/>
        <line num="63" count="1" type="stmt"/>
        <line num="66" count="4" type="stmt"/>
      </file>
    </package>
    <package name="src.controllers">
      <metrics statements="67" coveredstatements="67" conditionals="14" coveredconditionals="14" methods="8" coveredmethods="8"/>
      <file name="authController.js" path="/app/src/controllers/authController.js">
        <metrics statements="30" coveredstatements="30" conditionals="2" coveredconditionals="2" methods="4" coveredmethods="4"/>
        <line num="1" count="4" type="stmt"/>
        <line num="2" count="4" type="stmt"/>
        <line num="4" count="4" type="stmt"/>
        <line num="11" count="4" type="stmt"/>
        <line num="12" count="10" type="stmt"/>
        <line num="21" count="4" type="stmt"/>
        <line num="22" count="3" type="stmt"/>
        <line num="23" count="3" type="stmt"/>
        <line num="24" count="3" type="stmt"/>
        <line num="25" count="1" type="stmt"/>
        <line num="27" count="1" type="stmt"/>
        <line num="28" count="1" type="stmt"/>
        <line num="31" count="2" type="cond" truecount="2" falsecount="0"/>
        <line num="32" count="1" type="stmt"/>
        <line num="33" count="1" type="stmt"/>
        <line num="35" count="1" type="stmt"/>
        <line num="44" count="4" type="stmt"/>
        <line num="45" count="3" type="stmt"/>
        <line num="46" count="3" type="stmt"/>
        <line num="47" count="3" type="stmt"/>
        <line num="48" count="1" type="stmt"/>
        <line num="50" count="1" type="stmt"/>
        <line num="51" count="1" type="stmt"/>
        <line num="54" count="2" type="stmt"/>
        <line num="64" count="4" type="stmt"/>
        <line num="65" count="3" type="stmt"/>
        <line num="67" count="3" type="stmt"/>
        <line num="70" count="2" type="stmt"/>
        <line num="73" count="1" type="stmt"/>
        <line num="77" count="4" type="stmt"/>
      </file>
      <file name="teamController.js" path="/app/src/controllers/teamController.js">
        <metrics statements="37" coveredstatements="37" conditionals="12" coveredconditionals="12" methods="4" coveredmethods="4"/>
        <line num="1" count="4" type="stmt"/>
        <line num="2" count="4" type="stmt"/>
        <line num="10" count="4" type="stmt"/>
        <line num="11" count="2" type="stmt"/>
        <line num="13" count="2" type="stmt"/>
        <line num="16" count="1" type="stmt"/>
        <line num="19" count="1" type="stmt"/>
        <line num="29" count="4" type="stmt"/>
        <line num="30" count="4" type="stmt"/>
        <line num="31" count="4" type="stmt"/>
        <line num="33" count="4" type="cond" truecount="2" falsecount="0"/>
        <line num="34" count="1" type="stmt"/>
        <line num="37" count="3" type="stmt"/>
        <line num="39" count="2" type="cond" truecount="2" falsecount="0"/>
        <line num="42" count="1" type="stmt"/>
        <line num="45" count="1" type="stmt"/>
        <line num="55" count="4" type="stmt"/>
        <line num="56" count="4" type="stmt"/>
        <line num="58" count="4" type="stmt"/>
        <line num="61" count="4" type="stmt"/>
        <line num="63" count="4" type="cond" truecount="2" falsecount="0"/>
        <line num="64" count="1" type="stmt"/>
        <line num="67" count="3" type="stmt"/>
        <line num="73" count="2" type="cond" truecount="2" falsecount="0"/>
        <line num="74" count="1" type="stmt"/>
        <line num="78" count="1" type="stmt"/>
        <line num="81" count="1" type="stmt"/>
        <line num="91" count="4" type="stmt"/>
        <line num="92" count="4" type="stmt"/>
        <line num="94" count="4" type="stmt"/>
        <line num="96" count="4" type="cond" truecount="2" falsecount="0"/>
        <line num="97" count="1" type="stmt"/>
        <line num="100" count="3" type="stmt"/>
        <line num="103" count="2" type="cond" truecount="2" falsecount="0"/>
        <line num="104" count="1" type="stmt"/>
        <line num="108" count="1" type="stmt"/>
        <line num="111" count="1" type="stmt"/>
      </file>
    </package>
    <package name="src.middlewares">
      <metrics statements="8" coveredstatements="8" conditionals="6" coveredconditionals="6" methods="2" coveredmethods="2"/>
      <file name="authenticationMiddleware.js" path="/app/src/middlewares/authenticationMiddleware.js">
        <metrics statements="8" coveredstatements="8" conditionals="6" coveredconditionals="6" methods="2" coveredmethods="2"/>
        <line num="1" count="4" type="stmt"/>
        <line num="3" count="4" type="stmt"/>
        <line num="5" count="10" type="cond" truecount="2" falsecount="0"/>
        <line num="8" count="10" type="cond" truecount="2" falsecount="0"/>
        <line num="11" count="9" type="stmt"/>
        <line num="12" count="9" type="cond" truecount="2" falsecount="0"/>
        <line num="15" count="8" type="stmt"/>
        <line num="16" count="8" type="stmt"/>
      </file>
    </package>
    <package name="src.models">
      <metrics statements="24" coveredstatements="22" conditionals="4" coveredconditionals="4" methods="3" coveredmethods="3"/>
      <file name="teamModel.js" path="/app/src/models/teamModel.js">
        <metrics statements="24" coveredstatements="22" conditionals="4" coveredconditionals="4" methods="3" coveredmethods="3"/>
        <line num="1" count="5" type="stmt"/>
        <line num="2" count="5" type="stmt"/>
        <line num="4" count="5" type="stmt"/>
        <line num="35" count="5" type="stmt"/>
        <line num="36" count="2" type="stmt"/>
        <line num="38" count="2" type="stmt"/>
        <line num="39" count="2" type="stmt"/>
        <line num="42" count="0" type="stmt"/>
        <line num="46" count="5" type="stmt"/>
        <line num="49" count="3" type="stmt"/>
        <line num="51" count="3" type="stmt"/>
        <line num="54" count="3" type="cond" truecount="2" falsecount="0"/>
        <line num="57" count="2" type="stmt"/>
        <line num="60" count="2" type="cond" truecount="2" falsecount="0"/>
        <line num="63" count="1" type="stmt"/>
        <line num="66" count="2" type="stmt"/>
        <line num="72" count="5" type="stmt"/>
        <line num="73" count="22" type="stmt"/>
        <line num="75" count="22" type="stmt"/>
        <line num="76" count="22" type="stmt"/>
        <line num="77" count="22" type="stmt"/>
        <line num="80" count="0" type="stmt"/>
        <line num="84" count="5" type="stmt"/>
        <line num="85" count="5" type="stmt"/>
      </file>
    </package>
    <package name="src.routes">
      <metrics statements="14" coveredstatements="14" conditionals="0" coveredconditionals="0" methods="0" coveredmethods="0"/>
      <file name="authenticationRoutes.js" path="/app/src/routes/authenticationRoutes.js">
        <metrics statements="6" coveredstatements="6" conditionals="0" coveredconditionals="0" methods="0" coveredmethods="0"/>
        <line num="1" count="4" type="stmt"/>
        <line num="2" count="4" type="stmt"/>
        <line num="4" count="4" type="stmt"/>
        <line num="5" count="4" type="stmt"/>
        <line num="6" count="4" type="stmt"/>
        <line num="8" count="4" type="stmt"/>
      </file>
      <file name="teamRoutes.js" path="/app/src/routes/teamRoutes.js">
        <metrics statements="8" coveredstatements="8" conditionals="0" coveredconditionals="0" methods="0" coveredmethods="0"/>
        <line num="1" count="4" type="stmt"/>
        <line num="2" count="4" type="stmt"/>
        <line num="3" count="4" type="stmt"/>
        <line num="5" count="4" type="stmt"/>
        <line num="6" count="4" type="stmt"/>
        <line num="7" count="4" type="stmt"/>
        <line num="8" count="4" type="stmt"/>
        <line num="10" count="4" type="stmt"/>
      </file>
    </package>
  </project>
</coverage>
