{"/app/src/app.js": {"path":"/app/src/app.js","statementMap":{"0":{"start":{"line":2,"column":16},"end":{"line":2,"column":34}},"1":{"start":{"line":3,"column":21},"end":{"line":3,"column":45}},"2":{"start":{"line":6,"column":12},"end":{"line":6,"column":21}},"3":{"start":{"line":9,"column":19},"end":{"line":9,"column":49}},"4":{"start":{"line":10,"column":19},"end":{"line":10,"column":59}},"5":{"start":{"line":13,"column":0},"end":{"line":13,"column":24}},"6":{"start":{"line":14,"column":0},"end":{"line":14,"column":48}},"7":{"start":{"line":15,"column":0},"end":{"line":15,"column":24}},"8":{"start":{"line":18,"column":0},"end":{"line":32,"column":3}},"9":{"start":{"line":19,"column":2},"end":{"line":19,"column":49}},"10":{"start":{"line":20,"column":2},"end":{"line":23,"column":4}},"11":{"start":{"line":26,"column":2},"end":{"line":29,"column":3}},"12":{"start":{"line":27,"column":4},"end":{"line":27,"column":80}},"13":{"start":{"line":28,"column":4},"end":{"line":28,"column":36}},"14":{"start":{"line":31,"column":2},"end":{"line":31,"column":9}},"15":{"start":{"line":41,"column":0},"end":{"line":43,"column":3}},"16":{"start":{"line":42,"column":2},"end":{"line":42,"column":69}},"17":{"start":{"line":51,"column":0},"end":{"line":51,"column":34}},"18":{"start":{"line":53,"column":0},"end":{"line":53,"column":33}},"19":{"start":{"line":62,"column":0},"end":{"line":64,"column":3}},"20":{"start":{"line":63,"column":2},"end":{"line":63,"column":99}},"21":{"start":{"line":66,"column":0},"end":{"line":66,"column":21}}},"fnMap":{"0":{"name":"(anonymous_0)","decl":{"start":{"line":18,"column":13},"end":{"line":18,"column":14}},"loc":{"start":{"line":18,"column":33},"end":{"line":32,"column":1}},"line":18},"1":{"name":"(anonymous_1)","decl":{"start":{"line":41,"column":21},"end":{"line":41,"column":22}},"loc":{"start":{"line":41,"column":35},"end":{"line":43,"column":1}},"line":41},"2":{"name":"(anonymous_2)","decl":{"start":{"line":62,"column":13},"end":{"line":62,"column":14}},"loc":{"start":{"line":62,"column":27},"end":{"line":64,"column":1}},"line":62}},"branchMap":{"0":{"loc":{"start":{"line":26,"column":2},"end":{"line":29,"column":3}},"type":"if","locations":[{"start":{"line":26,"column":2},"end":{"line":29,"column":3}},{"start":{},"end":{}}],"line":26}},"s":{"0":3,"1":3,"2":3,"3":3,"4":3,"5":3,"6":3,"7":3,"8":3,"9":19,"10":19,"11":19,"12":1,"13":1,"14":18,"15":3,"16":1,"17":3,"18":3,"19":3,"20":1,"21":3},"f":{"0":19,"1":1,"2":1},"b":{"0":[1,18]},"_coverageSchema":"1a1c01bbd47fc00a2c39e90264f33305004495a9","hash":"c96e1df21534455d2105abd4c6c8b0c1fd4d5d69"}
,"/app/src/controllers/authController.js": {"path":"/app/src/controllers/authController.js","statementMap":{"0":{"start":{"line":1,"column":13},"end":{"line":1,"column":43}},"1":{"start":{"line":2,"column":12},"end":{"line":2,"column":35}},"2":{"start":{"line":4,"column":15},"end":{"line":4,"column":34}},"3":{"start":{"line":11,"column":20},"end":{"line":13,"column":1}},"4":{"start":{"line":12,"column":2},"end":{"line":12,"column":81}},"5":{"start":{"line":21,"column":0},"end":{"line":34,"column":2}},"6":{"start":{"line":22,"column":2},"end":{"line":33,"column":3}},"7":{"start":{"line":23,"column":31},"end":{"line":23,"column":39}},"8":{"start":{"line":24,"column":17},"end":{"line":24,"column":58}},"9":{"start":{"line":25,"column":18},"end":{"line":25,"column":47}},"10":{"start":{"line":27,"column":4},"end":{"line":27,"column":82}},"11":{"start":{"line":28,"column":4},"end":{"line":28,"column":71}},"12":{"start":{"line":31,"column":4},"end":{"line":31,"column":91}},"13":{"start":{"line":31,"column":30},"end":{"line":31,"column":91}},"14":{"start":{"line":32,"column":4},"end":{"line":32,"column":58}},"15":{"start":{"line":41,"column":0},"end":{"line":53,"column":2}},"16":{"start":{"line":42,"column":2},"end":{"line":52,"column":3}},"17":{"start":{"line":43,"column":31},"end":{"line":43,"column":39}},"18":{"start":{"line":44,"column":17},"end":{"line":44,"column":49}},"19":{"start":{"line":45,"column":18},"end":{"line":45,"column":47}},"20":{"start":{"line":47,"column":4},"end":{"line":47,"column":82}},"21":{"start":{"line":48,"column":4},"end":{"line":48,"column":71}},"22":{"start":{"line":51,"column":4},"end":{"line":51,"column":58}},"23":{"start":{"line":55,"column":0},"end":{"line":66,"column":2}},"24":{"start":{"line":56,"column":2},"end":{"line":65,"column":3}},"25":{"start":{"line":58,"column":4},"end":{"line":58,"column":27}},"26":{"start":{"line":61,"column":4},"end":{"line":61,"column":65}},"27":{"start":{"line":64,"column":4},"end":{"line":64,"column":47}},"28":{"start":{"line":68,"column":0},"end":{"line":68,"column":41}}},"fnMap":{"0":{"name":"(anonymous_0)","decl":{"start":{"line":11,"column":20},"end":{"line":11,"column":21}},"loc":{"start":{"line":11,"column":33},"end":{"line":13,"column":1}},"line":11},"1":{"name":"(anonymous_1)","decl":{"start":{"line":21,"column":24},"end":{"line":21,"column":25}},"loc":{"start":{"line":21,"column":44},"end":{"line":34,"column":1}},"line":21},"2":{"name":"(anonymous_2)","decl":{"start":{"line":41,"column":24},"end":{"line":41,"column":25}},"loc":{"start":{"line":41,"column":44},"end":{"line":53,"column":1}},"line":41},"3":{"name":"(anonymous_3)","decl":{"start":{"line":55,"column":25},"end":{"line":55,"column":26}},"loc":{"start":{"line":55,"column":45},"end":{"line":66,"column":1}},"line":55}},"branchMap":{"0":{"loc":{"start":{"line":31,"column":4},"end":{"line":31,"column":91}},"type":"if","locations":[{"start":{"line":31,"column":4},"end":{"line":31,"column":91}},{"start":{},"end":{}}],"line":31}},"s":{"0":3,"1":3,"2":3,"3":3,"4":8,"5":3,"6":0,"7":0,"8":0,"9":0,"10":0,"11":0,"12":0,"13":0,"14":0,"15":3,"16":0,"17":0,"18":0,"19":0,"20":0,"21":0,"22":0,"23":3,"24":0,"25":0,"26":0,"27":0,"28":3},"f":{"0":8,"1":0,"2":0,"3":0},"b":{"0":[0,0]},"_coverageSchema":"1a1c01bbd47fc00a2c39e90264f33305004495a9","hash":"473033b5dc0aec5b378d08198331ee7afca0c3db"}
,"/app/src/controllers/teamController.js": {"path":"/app/src/controllers/teamController.js","statementMap":{"0":{"start":{"line":1,"column":13},"end":{"line":1,"column":43}},"1":{"start":{"line":2,"column":17},"end":{"line":2,"column":51}},"2":{"start":{"line":10,"column":0},"end":{"line":21,"column":2}},"3":{"start":{"line":11,"column":2},"end":{"line":20,"column":3}},"4":{"start":{"line":13,"column":18},"end":{"line":13,"column":55}},"5":{"start":{"line":16,"column":4},"end":{"line":16,"column":39}},"6":{"start":{"line":19,"column":4},"end":{"line":19,"column":60}},"7":{"start":{"line":29,"column":0},"end":{"line":47,"column":2}},"8":{"start":{"line":30,"column":2},"end":{"line":46,"column":3}},"9":{"start":{"line":31,"column":23},"end":{"line":31,"column":33}},"10":{"start":{"line":33,"column":4},"end":{"line":34,"column":72}},"11":{"start":{"line":34,"column":6},"end":{"line":34,"column":72}},"12":{"start":{"line":37,"column":17},"end":{"line":37,"column":72}},"13":{"start":{"line":39,"column":4},"end":{"line":39,"column":74}},"14":{"start":{"line":39,"column":15},"end":{"line":39,"column":74}},"15":{"start":{"line":42,"column":4},"end":{"line":42,"column":38}},"16":{"start":{"line":45,"column":4},"end":{"line":45,"column":60}},"17":{"start":{"line":55,"column":0},"end":{"line":83,"column":2}},"18":{"start":{"line":56,"column":2},"end":{"line":82,"column":3}},"19":{"start":{"line":58,"column":74},"end":{"line":58,"column":82}},"20":{"start":{"line":61,"column":23},"end":{"line":61,"column":33}},"21":{"start":{"line":63,"column":4},"end":{"line":64,"column":72}},"22":{"start":{"line":64,"column":6},"end":{"line":64,"column":72}},"23":{"start":{"line":67,"column":19},"end":{"line":70,"column":5}},"24":{"start":{"line":73,"column":4},"end":{"line":75,"column":5}},"25":{"start":{"line":74,"column":6},"end":{"line":74,"column":71}},"26":{"start":{"line":78,"column":4},"end":{"line":78,"column":63}},"27":{"start":{"line":81,"column":4},"end":{"line":81,"column":60}},"28":{"start":{"line":91,"column":0},"end":{"line":113,"column":2}},"29":{"start":{"line":92,"column":2},"end":{"line":112,"column":3}},"30":{"start":{"line":94,"column":23},"end":{"line":94,"column":33}},"31":{"start":{"line":96,"column":4},"end":{"line":97,"column":72}},"32":{"start":{"line":97,"column":6},"end":{"line":97,"column":72}},"33":{"start":{"line":100,"column":19},"end":{"line":100,"column":56}},"34":{"start":{"line":103,"column":4},"end":{"line":105,"column":5}},"35":{"start":{"line":104,"column":6},"end":{"line":104,"column":71}},"36":{"start":{"line":108,"column":4},"end":{"line":108,"column":63}},"37":{"start":{"line":111,"column":4},"end":{"line":111,"column":60}}},"fnMap":{"0":{"name":"(anonymous_0)","decl":{"start":{"line":10,"column":27},"end":{"line":10,"column":28}},"loc":{"start":{"line":10,"column":47},"end":{"line":21,"column":1}},"line":10},"1":{"name":"(anonymous_1)","decl":{"start":{"line":29,"column":26},"end":{"line":29,"column":27}},"loc":{"start":{"line":29,"column":46},"end":{"line":47,"column":1}},"line":29},"2":{"name":"(anonymous_2)","decl":{"start":{"line":55,"column":28},"end":{"line":55,"column":29}},"loc":{"start":{"line":55,"column":48},"end":{"line":83,"column":1}},"line":55},"3":{"name":"(anonymous_3)","decl":{"start":{"line":91,"column":28},"end":{"line":91,"column":29}},"loc":{"start":{"line":91,"column":48},"end":{"line":113,"column":1}},"line":91}},"branchMap":{"0":{"loc":{"start":{"line":33,"column":4},"end":{"line":34,"column":72}},"type":"if","locations":[{"start":{"line":33,"column":4},"end":{"line":34,"column":72}},{"start":{},"end":{}}],"line":33},"1":{"loc":{"start":{"line":39,"column":4},"end":{"line":39,"column":74}},"type":"if","locations":[{"start":{"line":39,"column":4},"end":{"line":39,"column":74}},{"start":{},"end":{}}],"line":39},"2":{"loc":{"start":{"line":63,"column":4},"end":{"line":64,"column":72}},"type":"if","locations":[{"start":{"line":63,"column":4},"end":{"line":64,"column":72}},{"start":{},"end":{}}],"line":63},"3":{"loc":{"start":{"line":73,"column":4},"end":{"line":75,"column":5}},"type":"if","locations":[{"start":{"line":73,"column":4},"end":{"line":75,"column":5}},{"start":{},"end":{}}],"line":73},"4":{"loc":{"start":{"line":96,"column":4},"end":{"line":97,"column":72}},"type":"if","locations":[{"start":{"line":96,"column":4},"end":{"line":97,"column":72}},{"start":{},"end":{}}],"line":96},"5":{"loc":{"start":{"line":103,"column":4},"end":{"line":105,"column":5}},"type":"if","locations":[{"start":{"line":103,"column":4},"end":{"line":105,"column":5}},{"start":{},"end":{}}],"line":103}},"s":{"0":3,"1":3,"2":3,"3":2,"4":2,"5":1,"6":1,"7":3,"8":4,"9":4,"10":4,"11":1,"12":3,"13":2,"14":1,"15":1,"16":1,"17":3,"18":4,"19":4,"20":4,"21":4,"22":1,"23":3,"24":2,"25":1,"26":1,"27":1,"28":3,"29":4,"30":4,"31":4,"32":1,"33":3,"34":2,"35":1,"36":1,"37":1},"f":{"0":2,"1":4,"2":4,"3":4},"b":{"0":[1,3],"1":[1,1],"2":[1,3],"3":[1,1],"4":[1,3],"5":[1,1]},"_coverageSchema":"1a1c01bbd47fc00a2c39e90264f33305004495a9","hash":"74b3b6082e973739bc1b93e23b465b1df20980bc"}
,"/app/src/middlewares/authenticationMiddleware.js": {"path":"/app/src/middlewares/authenticationMiddleware.js","statementMap":{"0":{"start":{"line":1,"column":12},"end":{"line":1,"column":35}},"1":{"start":{"line":3,"column":0},"end":{"line":18,"column":2}},"2":{"start":{"line":5,"column":16},"end":{"line":5,"column":75}},"3":{"start":{"line":8,"column":2},"end":{"line":8,"column":82}},"4":{"start":{"line":8,"column":14},"end":{"line":8,"column":82}},"5":{"start":{"line":11,"column":2},"end":{"line":17,"column":5}},"6":{"start":{"line":12,"column":4},"end":{"line":12,"column":71}},"7":{"start":{"line":12,"column":13},"end":{"line":12,"column":71}},"8":{"start":{"line":15,"column":4},"end":{"line":15,"column":26}},"9":{"start":{"line":16,"column":4},"end":{"line":16,"column":11}}},"fnMap":{"0":{"name":"(anonymous_0)","decl":{"start":{"line":3,"column":29},"end":{"line":3,"column":30}},"loc":{"start":{"line":3,"column":49},"end":{"line":18,"column":1}},"line":3},"1":{"name":"(anonymous_1)","decl":{"start":{"line":11,"column":44},"end":{"line":11,"column":45}},"loc":{"start":{"line":11,"column":62},"end":{"line":17,"column":3}},"line":11}},"branchMap":{"0":{"loc":{"start":{"line":5,"column":16},"end":{"line":5,"column":75}},"type":"binary-expr","locations":[{"start":{"line":5,"column":16},"end":{"line":5,"column":31}},{"start":{"line":5,"column":35},"end":{"line":5,"column":75}}],"line":5},"1":{"loc":{"start":{"line":8,"column":2},"end":{"line":8,"column":82}},"type":"if","locations":[{"start":{"line":8,"column":2},"end":{"line":8,"column":82}},{"start":{},"end":{}}],"line":8},"2":{"loc":{"start":{"line":12,"column":4},"end":{"line":12,"column":71}},"type":"if","locations":[{"start":{"line":12,"column":4},"end":{"line":12,"column":71}},{"start":{},"end":{}}],"line":12}},"s":{"0":3,"1":3,"2":10,"3":10,"4":1,"5":9,"6":9,"7":1,"8":8,"9":8},"f":{"0":10,"1":9},"b":{"0":[10,10],"1":[1,9],"2":[1,8]},"_coverageSchema":"1a1c01bbd47fc00a2c39e90264f33305004495a9","hash":"7ea4a74d25de911edf3640200d6a84832a2c1fd7"}
,"/app/src/models/teamModel.js": {"path":"/app/src/models/teamModel.js","statementMap":{"0":{"start":{"line":1,"column":17},"end":{"line":1,"column":36}},"1":{"start":{"line":2,"column":15},"end":{"line":2,"column":32}},"2":{"start":{"line":4,"column":19},"end":{"line":33,"column":2}},"3":{"start":{"line":35,"column":0},"end":{"line":44,"column":2}},"4":{"start":{"line":36,"column":2},"end":{"line":43,"column":3}},"5":{"start":{"line":38,"column":20},"end":{"line":38,"column":65}},"6":{"start":{"line":39,"column":4},"end":{"line":39,"column":19}},"7":{"start":{"line":42,"column":4},"end":{"line":42,"column":74}},"8":{"start":{"line":46,"column":0},"end":{"line":70,"column":2}},"9":{"start":{"line":49,"column":4},"end":{"line":67,"column":5}},"10":{"start":{"line":51,"column":19},"end":{"line":51,"column":53}},"11":{"start":{"line":54,"column":6},"end":{"line":54,"column":51}},"12":{"start":{"line":54,"column":17},"end":{"line":54,"column":51}},"13":{"start":{"line":57,"column":32},"end":{"line":57,"column":68}},"14":{"start":{"line":60,"column":6},"end":{"line":60,"column":64}},"15":{"start":{"line":60,"column":30},"end":{"line":60,"column":64}},"16":{"start":{"line":63,"column":6},"end":{"line":63,"column":18}},"17":{"start":{"line":66,"column":6},"end":{"line":66,"column":62}},"18":{"start":{"line":72,"column":0},"end":{"line":82,"column":3}},"19":{"start":{"line":73,"column":2},"end":{"line":81,"column":3}},"20":{"start":{"line":75,"column":17},"end":{"line":75,"column":41}},"21":{"start":{"line":76,"column":4},"end":{"line":76,"column":59}},"22":{"start":{"line":77,"column":4},"end":{"line":77,"column":18}},"23":{"start":{"line":80,"column":4},"end":{"line":80,"column":75}},"24":{"start":{"line":84,"column":13},"end":{"line":84,"column":51}},"25":{"start":{"line":85,"column":0},"end":{"line":85,"column":22}}},"fnMap":{"0":{"name":"(anonymous_0)","decl":{"start":{"line":35,"column":37},"end":{"line":35,"column":38}},"loc":{"start":{"line":35,"column":63},"end":{"line":44,"column":1}},"line":35},"1":{"name":"(anonymous_1)","decl":{"start":{"line":48,"column":2},"end":{"line":48,"column":3}},"loc":{"start":{"line":48,"column":34},"end":{"line":68,"column":3}},"line":48},"2":{"name":"(anonymous_2)","decl":{"start":{"line":72,"column":23},"end":{"line":72,"column":24}},"loc":{"start":{"line":72,"column":45},"end":{"line":82,"column":1}},"line":72}},"branchMap":{"0":{"loc":{"start":{"line":54,"column":6},"end":{"line":54,"column":51}},"type":"if","locations":[{"start":{"line":54,"column":6},"end":{"line":54,"column":51}},{"start":{},"end":{}}],"line":54},"1":{"loc":{"start":{"line":60,"column":6},"end":{"line":60,"column":64}},"type":"if","locations":[{"start":{"line":60,"column":6},"end":{"line":60,"column":64}},{"start":{},"end":{}}],"line":60}},"s":{"0":3,"1":3,"2":3,"3":3,"4":0,"5":0,"6":0,"7":0,"8":3,"9":0,"10":0,"11":0,"12":0,"13":0,"14":0,"15":0,"16":0,"17":0,"18":3,"19":12,"20":12,"21":12,"22":12,"23":0,"24":3,"25":3},"f":{"0":0,"1":0,"2":12},"b":{"0":[0,0],"1":[0,0]},"_coverageSchema":"1a1c01bbd47fc00a2c39e90264f33305004495a9","hash":"ea99c9bb0d1af3d61ec7e0d3eaf012e3b2eed649"}
,"/app/src/routes/authenticationRoutes.js": {"path":"/app/src/routes/authenticationRoutes.js","statementMap":{"0":{"start":{"line":1,"column":23},"end":{"line":1,"column":63}},"1":{"start":{"line":2,"column":15},"end":{"line":2,"column":42}},"2":{"start":{"line":4,"column":0},"end":{"line":4,"column":48}},"3":{"start":{"line":5,"column":0},"end":{"line":5,"column":45}},"4":{"start":{"line":6,"column":0},"end":{"line":6,"column":46}},"5":{"start":{"line":8,"column":0},"end":{"line":8,"column":24}}},"fnMap":{},"branchMap":{},"s":{"0":3,"1":3,"2":3,"3":3,"4":3,"5":3},"f":{},"b":{},"_coverageSchema":"1a1c01bbd47fc00a2c39e90264f33305004495a9","hash":"eae5a629b5bc11948dba486ffbb3bbb01b145f83"}
,"/app/src/routes/teamRoutes.js": {"path":"/app/src/routes/teamRoutes.js","statementMap":{"0":{"start":{"line":1,"column":23},"end":{"line":1,"column":63}},"1":{"start":{"line":2,"column":24},"end":{"line":2,"column":74}},"2":{"start":{"line":3,"column":15},"end":{"line":3,"column":42}},"3":{"start":{"line":5,"column":0},"end":{"line":5,"column":42}},"4":{"start":{"line":6,"column":0},"end":{"line":6,"column":48}},"5":{"start":{"line":7,"column":0},"end":{"line":7,"column":63}},"6":{"start":{"line":8,"column":0},"end":{"line":8,"column":66}},"7":{"start":{"line":10,"column":0},"end":{"line":10,"column":24}}},"fnMap":{},"branchMap":{},"s":{"0":3,"1":3,"2":3,"3":3,"4":3,"5":3,"6":3,"7":3},"f":{},"b":{},"_coverageSchema":"1a1c01bbd47fc00a2c39e90264f33305004495a9","hash":"d08201b7c091851b73cecb04a36afa8563b136c3"}
}
