TN:
SF:src/app.js
FN:18,(anonymous_0)
FN:41,(anonymous_1)
FN:62,(anonymous_2)
FNF:3
FNH:3
FNDA:19,(anonymous_0)
FNDA:1,(anonymous_1)
FNDA:1,(anonymous_2)
DA:2,3
DA:3,3
DA:6,3
DA:9,3
DA:10,3
DA:13,3
DA:14,3
DA:15,3
DA:18,3
DA:19,19
DA:20,19
DA:26,19
DA:27,1
DA:28,1
DA:31,18
DA:41,3
DA:42,1
DA:51,3
DA:53,3
DA:62,3
DA:63,1
DA:66,3
LF:22
LH:22
BRDA:26,0,0,1
BRDA:26,0,1,18
BRF:2
BRH:2
end_of_record
TN:
SF:src/controllers/authController.js
FN:11,(anonymous_0)
FN:21,(anonymous_1)
FN:41,(anonymous_2)
FN:55,(anonymous_3)
FNF:4
FNH:1
FNDA:8,(anonymous_0)
FNDA:0,(anonymous_1)
FNDA:0,(anonymous_2)
FNDA:0,(anonymous_3)
DA:1,3
DA:2,3
DA:4,3
DA:11,3
DA:12,8
DA:21,3
DA:22,0
DA:23,0
DA:24,0
DA:25,0
DA:27,0
DA:28,0
DA:31,0
DA:32,0
DA:41,3
DA:42,0
DA:43,0
DA:44,0
DA:45,0
DA:47,0
DA:48,0
DA:51,0
DA:55,3
DA:56,0
DA:58,0
DA:61,0
DA:64,0
DA:68,3
LF:28
LH:9
BRDA:31,0,0,0
BRDA:31,0,1,0
BRF:2
BRH:0
end_of_record
TN:
SF:src/controllers/teamController.js
FN:10,(anonymous_0)
FN:29,(anonymous_1)
FN:55,(anonymous_2)
FN:91,(anonymous_3)
FNF:4
FNH:4
FNDA:2,(anonymous_0)
FNDA:4,(anonymous_1)
FNDA:4,(anonymous_2)
FNDA:4,(anonymous_3)
DA:1,3
DA:2,3
DA:10,3
DA:11,2
DA:13,2
DA:16,1
DA:19,1
DA:29,3
DA:30,4
DA:31,4
DA:33,4
DA:34,1
DA:37,3
DA:39,2
DA:42,1
DA:45,1
DA:55,3
DA:56,4
DA:58,4
DA:61,4
DA:63,4
DA:64,1
DA:67,3
DA:73,2
DA:74,1
DA:78,1
DA:81,1
DA:91,3
DA:92,4
DA:94,4
DA:96,4
DA:97,1
DA:100,3
DA:103,2
DA:104,1
DA:108,1
DA:111,1
LF:37
LH:37
BRDA:33,0,0,1
BRDA:33,0,1,3
BRDA:39,1,0,1
BRDA:39,1,1,1
BRDA:63,2,0,1
BRDA:63,2,1,3
BRDA:73,3,0,1
BRDA:73,3,1,1
BRDA:96,4,0,1
BRDA:96,4,1,3
BRDA:103,5,0,1
BRDA:103,5,1,1
BRF:12
BRH:12
end_of_record
TN:
SF:src/middlewares/authenticationMiddleware.js
FN:3,(anonymous_0)
FN:11,(anonymous_1)
FNF:2
FNH:2
FNDA:10,(anonymous_0)
FNDA:9,(anonymous_1)
DA:1,3
DA:3,3
DA:5,10
DA:8,10
DA:11,9
DA:12,9
DA:15,8
DA:16,8
LF:8
LH:8
BRDA:5,0,0,10
BRDA:5,0,1,10
BRDA:8,1,0,1
BRDA:8,1,1,9
BRDA:12,2,0,1
BRDA:12,2,1,8
BRF:6
BRH:6
end_of_record
TN:
SF:src/models/teamModel.js
FN:35,(anonymous_0)
FN:48,(anonymous_1)
FN:72,(anonymous_2)
FNF:3
FNH:1
FNDA:0,(anonymous_0)
FNDA:0,(anonymous_1)
FNDA:12,(anonymous_2)
DA:1,3
DA:2,3
DA:4,3
DA:35,3
DA:36,0
DA:38,0
DA:39,0
DA:42,0
DA:46,3
DA:49,0
DA:51,0
DA:54,0
DA:57,0
DA:60,0
DA:63,0
DA:66,0
DA:72,3
DA:73,12
DA:75,12
DA:76,12
DA:77,12
DA:80,0
DA:84,3
DA:85,3
LF:24
LH:12
BRDA:54,0,0,0
BRDA:54,0,1,0
BRDA:60,1,0,0
BRDA:60,1,1,0
BRF:4
BRH:0
end_of_record
TN:
SF:src/routes/authenticationRoutes.js
FNF:0
FNH:0
DA:1,3
DA:2,3
DA:4,3
DA:5,3
DA:6,3
DA:8,3
LF:6
LH:6
BRF:0
BRH:0
end_of_record
TN:
SF:src/routes/teamRoutes.js
FNF:0
FNH:0
DA:1,3
DA:2,3
DA:3,3
DA:5,3
DA:6,3
DA:7,3
DA:8,3
DA:10,3
LF:8
LH:8
BRF:0
BRH:0
end_of_record
