TN:
SF:src/app.js
FN:18,(anonymous_0)
FN:41,(anonymous_1)
FN:62,(anonymous_2)
FNF:3
FNH:3
FNDA:27,(anonymous_0)
FNDA:1,(anonymous_1)
FNDA:1,(anonymous_2)
DA:2,4
DA:3,4
DA:6,4
DA:9,4
DA:10,4
DA:13,4
DA:14,4
DA:15,4
DA:18,4
DA:19,27
DA:20,27
DA:26,27
DA:27,1
DA:28,1
DA:31,26
DA:41,4
DA:42,1
DA:51,4
DA:53,4
DA:62,4
DA:63,1
DA:66,4
LF:22
LH:22
BRDA:26,0,0,1
BRDA:26,0,1,26
BRF:2
BRH:2
end_of_record
TN:
SF:src/controllers/authController.js
FN:11,(anonymous_0)
FN:21,(anonymous_1)
FN:44,(anonymous_2)
FN:64,(anonymous_3)
FNF:4
FNH:4
FNDA:10,(anonymous_0)
FNDA:3,(anonymous_1)
FNDA:3,(anonymous_2)
FNDA:3,(anonymous_3)
DA:1,4
DA:2,4
DA:4,4
DA:11,4
DA:12,10
DA:21,4
DA:22,3
DA:23,3
DA:24,3
DA:25,1
DA:27,1
DA:28,1
DA:31,2
DA:32,1
DA:33,1
DA:35,1
DA:44,4
DA:45,3
DA:46,3
DA:47,3
DA:48,1
DA:50,1
DA:51,1
DA:54,2
DA:64,4
DA:65,3
DA:67,3
DA:70,2
DA:73,1
DA:77,4
LF:30
LH:30
BRDA:31,0,0,1
BRDA:31,0,1,1
BRF:2
BRH:2
end_of_record
TN:
SF:src/controllers/teamController.js
FN:10,(anonymous_0)
FN:29,(anonymous_1)
FN:55,(anonymous_2)
FN:91,(anonymous_3)
FNF:4
FNH:4
FNDA:2,(anonymous_0)
FNDA:4,(anonymous_1)
FNDA:4,(anonymous_2)
FNDA:4,(anonymous_3)
DA:1,4
DA:2,4
DA:10,4
DA:11,2
DA:13,2
DA:16,1
DA:19,1
DA:29,4
DA:30,4
DA:31,4
DA:33,4
DA:34,1
DA:37,3
DA:39,2
DA:42,1
DA:45,1
DA:55,4
DA:56,4
DA:58,4
DA:61,4
DA:63,4
DA:64,1
DA:67,3
DA:73,2
DA:74,1
DA:78,1
DA:81,1
DA:91,4
DA:92,4
DA:94,4
DA:96,4
DA:97,1
DA:100,3
DA:103,2
DA:104,1
DA:108,1
DA:111,1
LF:37
LH:37
BRDA:33,0,0,1
BRDA:33,0,1,3
BRDA:39,1,0,1
BRDA:39,1,1,1
BRDA:63,2,0,1
BRDA:63,2,1,3
BRDA:73,3,0,1
BRDA:73,3,1,1
BRDA:96,4,0,1
BRDA:96,4,1,3
BRDA:103,5,0,1
BRDA:103,5,1,1
BRF:12
BRH:12
end_of_record
TN:
SF:src/middlewares/authenticationMiddleware.js
FN:3,(anonymous_0)
FN:11,(anonymous_1)
FNF:2
FNH:2
FNDA:10,(anonymous_0)
FNDA:9,(anonymous_1)
DA:1,4
DA:3,4
DA:5,10
DA:8,10
DA:11,9
DA:12,9
DA:15,8
DA:16,8
LF:8
LH:8
BRDA:5,0,0,10
BRDA:5,0,1,10
BRDA:8,1,0,1
BRDA:8,1,1,9
BRDA:12,2,0,1
BRDA:12,2,1,8
BRF:6
BRH:6
end_of_record
TN:
SF:src/models/teamModel.js
FN:35,(anonymous_0)
FN:48,(anonymous_1)
FN:72,(anonymous_2)
FNF:3
FNH:3
FNDA:2,(anonymous_0)
FNDA:3,(anonymous_1)
FNDA:22,(anonymous_2)
DA:1,5
DA:2,5
DA:4,5
DA:35,5
DA:36,2
DA:38,2
DA:39,2
DA:42,0
DA:46,5
DA:49,3
DA:51,3
DA:54,3
DA:57,2
DA:60,2
DA:63,1
DA:66,2
DA:72,5
DA:73,22
DA:75,22
DA:76,22
DA:77,22
DA:80,0
DA:84,5
DA:85,5
LF:24
LH:22
BRDA:54,0,0,1
BRDA:54,0,1,2
BRDA:60,1,0,1
BRDA:60,1,1,1
BRF:4
BRH:4
end_of_record
TN:
SF:src/routes/authenticationRoutes.js
FNF:0
FNH:0
DA:1,4
DA:2,4
DA:4,4
DA:5,4
DA:6,4
DA:8,4
LF:6
LH:6
BRF:0
BRH:0
end_of_record
TN:
SF:src/routes/teamRoutes.js
FNF:0
FNH:0
DA:1,4
DA:2,4
DA:3,4
DA:5,4
DA:6,4
DA:7,4
DA:8,4
DA:10,4
LF:8
LH:8
BRF:0
BRH:0
end_of_record
